<?xml version="1.0" encoding="UTF-8"?>
<!-- Generated by org.testng.reporters.JUnitReportReporter -->
<testsuite hostname="ANAND-2004" failures="0" tests="1" name="tests.LoginTest" time="3.482" errors="0" timestamp="2025-05-17T10:41:19 IST" skipped="0">
  <testcase classname="tests.LoginTest" name="validLoginTest" time="3.482"/>
</testsuite> <!-- tests.LoginTest -->
