<?xml version="1.0" encoding="UTF-8"?>
<!-- Generated by org.testng.reporters.JUnitReportReporter -->
<testsuite hostname="ANAND-2004" failures="0" tests="1" name="SampleTest" time="0.068" errors="0" timestamp="2025-05-17T10:41:19 IST" skipped="0">
  <testcase classname="SampleTest" name="testOne" time="0.068"/>
</testsuite> <!-- SampleTest -->
